2018-03-05 18:04:37,811 [INFO] from application in play-dev-mode-akka.actor.default-dispatcher-16 - Creating Pool for datasource 'default'
2018-03-05 18:04:38,121 [INFO] from play.api.db.DefaultDBApi in play-dev-mode-akka.actor.default-dispatcher-16 - Database [default] connected at jdbc:h2:file:./data/productsDB
2018-03-05 18:04:39,299 [WARN] from org.hibernate.validator.messageinterpolation.ParameterMessageInterpolator in play-dev-mode-akka.actor.default-dispatcher-16 - HV000184: ParameterMessageInterpolator has been chosen, EL interpolation will not be supported
2018-03-05 18:04:39,546 [INFO] from play.api.http.EnabledFilters in play-dev-mode-akka.actor.default-dispatcher-16 - Enabled Filters (see <https://www.playframework.com/documentation/latest/Filters>):

    play.filters.csrf.CSRFFilter
    play.filters.headers.SecurityHeadersFilter
    play.filters.hosts.AllowedHostsFilter

2018-03-05 18:04:39,570 [INFO] from play.api.Play in play-dev-mode-akka.actor.default-dispatcher-16 - Application started (Dev)
2018-03-05 18:05:01,548 [ERROR] from application in application-akka.actor.default-dispatcher-8 - 

! @77787i2b6 - Internal server error, for (GET) [/addToBasket/4] ->
 
play.api.http.HttpErrorHandlerExceptions$$anon$1: Execution exception[[NullPointerException: null]]
	at play.api.http.HttpErrorHandlerExceptions$.throwableToUsefulException(HttpErrorHandler.scala:255)
	at play.api.http.DefaultHttpErrorHandler.onServerError(HttpErrorHandler.scala:182)
	at play.core.server.AkkaHttpServer$$anonfun$2.applyOrElse(AkkaHttpServer.scala:310)
	at play.core.server.AkkaHttpServer$$anonfun$2.applyOrElse(AkkaHttpServer.scala:308)
	at scala.concurrent.Future.$anonfun$recoverWith$1(Future.scala:414)
	at scala.concurrent.impl.Promise.$anonfun$transformWith$1(Promise.scala:37)
	at scala.concurrent.impl.CallbackRunnable.run(Promise.scala:60)
	at akka.dispatch.BatchingExecutor$AbstractBatch.processBatch(BatchingExecutor.scala:55)
	at akka.dispatch.BatchingExecutor$BlockableBatch.$anonfun$run$1(BatchingExecutor.scala:91)
	at scala.runtime.java8.JFunction0$mcV$sp.apply(JFunction0$mcV$sp.java:12)
	at scala.concurrent.BlockContext$.withBlockContext(BlockContext.scala:81)
	at akka.dispatch.BatchingExecutor$BlockableBatch.run(BatchingExecutor.scala:91)
	at akka.dispatch.TaskInvocation.run(AbstractDispatcher.scala:40)
	at akka.dispatch.ForkJoinExecutorConfigurator$AkkaForkJoinTask.exec(ForkJoinExecutorConfigurator.scala:43)
	at akka.dispatch.forkjoin.ForkJoinTask.doExec(ForkJoinTask.java:260)
	at akka.dispatch.forkjoin.ForkJoinPool$WorkQueue.runTask(ForkJoinPool.java:1339)
	at akka.dispatch.forkjoin.ForkJoinPool.runWorker(ForkJoinPool.java:1979)
	at akka.dispatch.forkjoin.ForkJoinWorkerThread.run(ForkJoinWorkerThread.java:107)
Caused by: java.lang.NullPointerException: null
	at controllers.ShoppingCtrl.addToBasket(ShoppingCtrl.java:80)
	at router.Routes$$anonfun$routes$1.$anonfun$applyOrElse$16(Routes.scala:528)
	at play.core.routing.HandlerInvokerFactory$$anon$3.resultCall(HandlerInvoker.scala:134)
	at play.core.routing.HandlerInvokerFactory$$anon$3.resultCall(HandlerInvoker.scala:133)
	at play.core.routing.HandlerInvokerFactory$JavaActionInvokerFactory$$anon$8$$anon$2$$anon$1.invocation(HandlerInvoker.scala:108)
	at play.core.j.JavaAction$$anon$1.call(JavaAction.scala:88)
	at play.http.DefaultActionCreator$1.call(DefaultActionCreator.java:31)
	at play.db.ebean.TransactionalAction.lambda$call$6(TransactionalAction.java:18)
	at io.ebeaninternal.server.core.DefaultServer.execute(DefaultServer.java:670)
	at io.ebeaninternal.server.core.DefaultServer.execute(DefaultServer.java:663)
	at io.ebean.Ebean.execute(Ebean.java:1270)
	at play.db.ebean.TransactionalAction.call(TransactionalAction.java:18)
	at play.core.j.JavaAction.$anonfun$apply$8(JavaAction.scala:138)
	at scala.concurrent.Future$.$anonfun$apply$1(Future.scala:655)
	at scala.util.Success.$anonfun$map$1(Try.scala:251)
	at scala.util.Success.map(Try.scala:209)
	at scala.concurrent.Future.$anonfun$map$1(Future.scala:289)
	at scala.concurrent.impl.Promise.liftedTree1$1(Promise.scala:29)
	at scala.concurrent.impl.Promise.$anonfun$transform$1(Promise.scala:29)
	at scala.concurrent.impl.CallbackRunnable.run(Promise.scala:60)
	at play.core.j.HttpExecutionContext$$anon$2.run(HttpExecutionContext.scala:56)
	at play.api.libs.streams.Execution$trampoline$.execute(Execution.scala:70)
	at play.core.j.HttpExecutionContext.execute(HttpExecutionContext.scala:48)
	at scala.concurrent.impl.CallbackRunnable.executeWithValue(Promise.scala:68)
	at scala.concurrent.impl.Promise$KeptPromise$Kept.onComplete(Promise.scala:368)
	at scala.concurrent.impl.Promise$KeptPromise$Kept.onComplete$(Promise.scala:367)
	at scala.concurrent.impl.Promise$KeptPromise$Successful.onComplete(Promise.scala:375)
	at scala.concurrent.impl.Promise.transform(Promise.scala:29)
	at scala.concurrent.impl.Promise.transform$(Promise.scala:27)
	at scala.concurrent.impl.Promise$KeptPromise$Successful.transform(Promise.scala:375)
	at scala.concurrent.Future.map(Future.scala:289)
	at scala.concurrent.Future.map$(Future.scala:289)
	at scala.concurrent.impl.Promise$KeptPromise$Successful.map(Promise.scala:375)
	at scala.concurrent.Future$.apply(Future.scala:655)
	at play.core.j.JavaAction.apply(JavaAction.scala:138)
	at play.api.mvc.Action.$anonfun$apply$2(Action.scala:96)
	at play.api.libs.streams.StrictAccumulator.$anonfun$mapFuture$4(Accumulator.scala:174)
	at scala.util.Try$.apply(Try.scala:209)
	at play.api.libs.streams.StrictAccumulator.$anonfun$mapFuture$3(Accumulator.scala:174)
	at scala.Function1.$anonfun$andThen$1(Function1.scala:52)
	at scala.Function1.$anonfun$andThen$1(Function1.scala:52)
	at play.api.libs.streams.StrictAccumulator.run(Accumulator.scala:207)
	at play.core.server.AkkaHttpServer.$anonfun$runAction$4(AkkaHttpServer.scala:304)
	at akka.http.scaladsl.util.FastFuture$.strictTransform$1(FastFuture.scala:41)
	at akka.http.scaladsl.util.FastFuture$.$anonfun$transformWith$3(FastFuture.scala:51)
	... 12 common frames omitted
2018-03-05 18:05:13,126 [ERROR] from application in application-akka.actor.default-dispatcher-7 - 

! @77787ijee - Internal server error, for (GET) [/addToBasket/4] ->
 
play.api.http.HttpErrorHandlerExceptions$$anon$1: Execution exception[[NullPointerException: null]]
	at play.api.http.HttpErrorHandlerExceptions$.throwableToUsefulException(HttpErrorHandler.scala:255)
	at play.api.http.DefaultHttpErrorHandler.onServerError(HttpErrorHandler.scala:182)
	at play.core.server.AkkaHttpServer$$anonfun$2.applyOrElse(AkkaHttpServer.scala:310)
	at play.core.server.AkkaHttpServer$$anonfun$2.applyOrElse(AkkaHttpServer.scala:308)
	at scala.concurrent.Future.$anonfun$recoverWith$1(Future.scala:414)
	at scala.concurrent.impl.Promise.$anonfun$transformWith$1(Promise.scala:37)
	at scala.concurrent.impl.CallbackRunnable.run(Promise.scala:60)
	at akka.dispatch.BatchingExecutor$AbstractBatch.processBatch(BatchingExecutor.scala:55)
	at akka.dispatch.BatchingExecutor$BlockableBatch.$anonfun$run$1(BatchingExecutor.scala:91)
	at scala.runtime.java8.JFunction0$mcV$sp.apply(JFunction0$mcV$sp.java:12)
	at scala.concurrent.BlockContext$.withBlockContext(BlockContext.scala:81)
	at akka.dispatch.BatchingExecutor$BlockableBatch.run(BatchingExecutor.scala:91)
	at akka.dispatch.TaskInvocation.run(AbstractDispatcher.scala:40)
	at akka.dispatch.ForkJoinExecutorConfigurator$AkkaForkJoinTask.exec(ForkJoinExecutorConfigurator.scala:43)
	at akka.dispatch.forkjoin.ForkJoinTask.doExec(ForkJoinTask.java:260)
	at akka.dispatch.forkjoin.ForkJoinPool$WorkQueue.runTask(ForkJoinPool.java:1339)
	at akka.dispatch.forkjoin.ForkJoinPool.runWorker(ForkJoinPool.java:1979)
	at akka.dispatch.forkjoin.ForkJoinWorkerThread.run(ForkJoinWorkerThread.java:107)
Caused by: java.lang.NullPointerException: null
	at controllers.ShoppingCtrl.addToBasket(ShoppingCtrl.java:80)
	at router.Routes$$anonfun$routes$1.$anonfun$applyOrElse$16(Routes.scala:528)
	at play.core.routing.HandlerInvokerFactory$$anon$3.resultCall(HandlerInvoker.scala:134)
	at play.core.routing.HandlerInvokerFactory$$anon$3.resultCall(HandlerInvoker.scala:133)
	at play.core.routing.HandlerInvokerFactory$JavaActionInvokerFactory$$anon$8$$anon$2$$anon$1.invocation(HandlerInvoker.scala:108)
	at play.core.j.JavaAction$$anon$1.call(JavaAction.scala:88)
	at play.http.DefaultActionCreator$1.call(DefaultActionCreator.java:31)
	at play.db.ebean.TransactionalAction.lambda$call$6(TransactionalAction.java:18)
	at io.ebeaninternal.server.core.DefaultServer.execute(DefaultServer.java:670)
	at io.ebeaninternal.server.core.DefaultServer.execute(DefaultServer.java:663)
	at io.ebean.Ebean.execute(Ebean.java:1270)
	at play.db.ebean.TransactionalAction.call(TransactionalAction.java:18)
	at play.core.j.JavaAction.$anonfun$apply$8(JavaAction.scala:138)
	at scala.concurrent.Future$.$anonfun$apply$1(Future.scala:655)
	at scala.util.Success.$anonfun$map$1(Try.scala:251)
	at scala.util.Success.map(Try.scala:209)
	at scala.concurrent.Future.$anonfun$map$1(Future.scala:289)
	at scala.concurrent.impl.Promise.liftedTree1$1(Promise.scala:29)
	at scala.concurrent.impl.Promise.$anonfun$transform$1(Promise.scala:29)
	at scala.concurrent.impl.CallbackRunnable.run(Promise.scala:60)
	at play.core.j.HttpExecutionContext$$anon$2.run(HttpExecutionContext.scala:56)
	at play.api.libs.streams.Execution$trampoline$.execute(Execution.scala:70)
	at play.core.j.HttpExecutionContext.execute(HttpExecutionContext.scala:48)
	at scala.concurrent.impl.CallbackRunnable.executeWithValue(Promise.scala:68)
	at scala.concurrent.impl.Promise$KeptPromise$Kept.onComplete(Promise.scala:368)
	at scala.concurrent.impl.Promise$KeptPromise$Kept.onComplete$(Promise.scala:367)
	at scala.concurrent.impl.Promise$KeptPromise$Successful.onComplete(Promise.scala:375)
	at scala.concurrent.impl.Promise.transform(Promise.scala:29)
	at scala.concurrent.impl.Promise.transform$(Promise.scala:27)
	at scala.concurrent.impl.Promise$KeptPromise$Successful.transform(Promise.scala:375)
	at scala.concurrent.Future.map(Future.scala:289)
	at scala.concurrent.Future.map$(Future.scala:289)
	at scala.concurrent.impl.Promise$KeptPromise$Successful.map(Promise.scala:375)
	at scala.concurrent.Future$.apply(Future.scala:655)
	at play.core.j.JavaAction.apply(JavaAction.scala:138)
	at play.api.mvc.Action.$anonfun$apply$2(Action.scala:96)
	at play.api.libs.streams.StrictAccumulator.$anonfun$mapFuture$4(Accumulator.scala:174)
	at scala.util.Try$.apply(Try.scala:209)
	at play.api.libs.streams.StrictAccumulator.$anonfun$mapFuture$3(Accumulator.scala:174)
	at scala.Function1.$anonfun$andThen$1(Function1.scala:52)
	at scala.Function1.$anonfun$andThen$1(Function1.scala:52)
	at play.api.libs.streams.StrictAccumulator.run(Accumulator.scala:207)
	at play.core.server.AkkaHttpServer.$anonfun$runAction$4(AkkaHttpServer.scala:304)
	at akka.http.scaladsl.util.FastFuture$.strictTransform$1(FastFuture.scala:41)
	at akka.http.scaladsl.util.FastFuture$.$anonfun$transformWith$3(FastFuture.scala:51)
	... 12 common frames omitted
2018-03-05 18:07:28,109 [INFO] from application in application-akka.actor.default-dispatcher-12 - Shutting down connection pool.
2018-03-05 18:07:28,323 [INFO] from application in play-dev-mode-akka.actor.default-dispatcher-50 - Creating Pool for datasource 'default'
2018-03-05 18:07:28,360 [INFO] from play.api.db.DefaultDBApi in play-dev-mode-akka.actor.default-dispatcher-50 - Database [default] connected at jdbc:h2:file:./data/productsDB
2018-03-05 18:07:28,569 [WARN] from org.hibernate.validator.messageinterpolation.ParameterMessageInterpolator in play-dev-mode-akka.actor.default-dispatcher-50 - HV000184: ParameterMessageInterpolator has been chosen, EL interpolation will not be supported
2018-03-05 18:07:28,665 [INFO] from play.api.http.EnabledFilters in play-dev-mode-akka.actor.default-dispatcher-50 - Enabled Filters (see <https://www.playframework.com/documentation/latest/Filters>):

    play.filters.csrf.CSRFFilter
    play.filters.headers.SecurityHeadersFilter
    play.filters.hosts.AllowedHostsFilter

2018-03-05 18:07:28,668 [INFO] from play.api.Play in play-dev-mode-akka.actor.default-dispatcher-50 - Application started (Dev)
2018-03-05 18:07:47,561 [WARN] from application in application-akka.actor.default-dispatcher-3 - The "validate" method in class "models.users.Login" is deprecated since Play 2.6. To migrate to class-level constraints see https://www.playframework.com/documentation/2.6.x/Migration26#java-form-changes and https://www.playframework.com/documentation/2.6.x/JavaForms#Advanced-validation
